Analysis & Synthesis report for UART_TX_3
Fri Mar 03 18:23:05 2023
Quartus Prime Version 18.1.0 Build 625 09/12/2018 SJ Lite Edition


---------------------
; Table of Contents ;
---------------------
  1. Legal Notice
  2. Analysis & Synthesis Summary
  3. Analysis & Synthesis Settings
  4. Parallel Compilation
  5. Analysis & Synthesis Source Files Read
  6. Analysis & Synthesis Resource Usage Summary
  7. Analysis & Synthesis Resource Utilization by Entity
  8. State Machine - |UART_TX_3|present_state
  9. User-Specified and Inferred Latches
 10. General Register Statistics
 11. Parameter Settings for User Entity Instance: baudrate_gen:UART_BAUD
 12. Post-Synthesis Netlist Statistics for Top Partition
 13. Elapsed Time Per Partition
 14. Analysis & Synthesis Messages



----------------
; Legal Notice ;
----------------
Copyright (C) 2018  Intel Corporation. All rights reserved.
Your use of Intel Corporation's design tools, logic functions 
and other software and tools, and its AMPP partner logic 
functions, and any output files from any of the foregoing 
(including device programming or simulation files), and any 
associated documentation or information are expressly subject 
to the terms and conditions of the Intel Program License 
Subscription Agreement, the Intel Quartus Prime License Agreement,
the Intel FPGA IP License Agreement, or other applicable license
agreement, including, without limitation, that your use is for
the sole purpose of programming logic devices manufactured by
Intel and sold by Intel or its authorized distributors.  Please
refer to the applicable agreement for further details.



+----------------------------------------------------------------------------------+
; Analysis & Synthesis Summary                                                     ;
+------------------------------------+---------------------------------------------+
; Analysis & Synthesis Status        ; Successful - Fri Mar 03 18:23:05 2023       ;
; Quartus Prime Version              ; 18.1.0 Build 625 09/12/2018 SJ Lite Edition ;
; Revision Name                      ; UART_TX_3                                   ;
; Top-level Entity Name              ; UART_TX_3                                   ;
; Family                             ; MAX 10                                      ;
; Total logic elements               ; 156                                         ;
;     Total combinational functions  ; 156                                         ;
;     Dedicated logic registers      ; 13                                          ;
; Total registers                    ; 13                                          ;
; Total pins                         ; 15                                          ;
; Total virtual pins                 ; 0                                           ;
; Total memory bits                  ; 0                                           ;
; Embedded Multiplier 9-bit elements ; 0                                           ;
; Total PLLs                         ; 0                                           ;
; UFM blocks                         ; 0                                           ;
; ADC blocks                         ; 0                                           ;
+------------------------------------+---------------------------------------------+


+------------------------------------------------------------------------------------------------------------+
; Analysis & Synthesis Settings                                                                              ;
+------------------------------------------------------------------+--------------------+--------------------+
; Option                                                           ; Setting            ; Default Value      ;
+------------------------------------------------------------------+--------------------+--------------------+
; Device                                                           ; 10M50DAF484C7G     ;                    ;
; Top-level entity name                                            ; UART_TX_3          ; UART_TX_3          ;
; Family name                                                      ; MAX 10             ; Cyclone V          ;
; Use smart compilation                                            ; Off                ; Off                ;
; Enable parallel Assembler and Timing Analyzer during compilation ; On                 ; On                 ;
; Enable compact report table                                      ; Off                ; Off                ;
; Restructure Multiplexers                                         ; Auto               ; Auto               ;
; Create Debugging Nodes for IP Cores                              ; Off                ; Off                ;
; Preserve fewer node names                                        ; On                 ; On                 ;
; Intel FPGA IP Evaluation Mode                                    ; Enable             ; Enable             ;
; Verilog Version                                                  ; Verilog_2001       ; Verilog_2001       ;
; VHDL Version                                                     ; VHDL_1993          ; VHDL_1993          ;
; State Machine Processing                                         ; Auto               ; Auto               ;
; Safe State Machine                                               ; Off                ; Off                ;
; Extract Verilog State Machines                                   ; On                 ; On                 ;
; Extract VHDL State Machines                                      ; On                 ; On                 ;
; Ignore Verilog initial constructs                                ; Off                ; Off                ;
; Iteration limit for constant Verilog loops                       ; 5000               ; 5000               ;
; Iteration limit for non-constant Verilog loops                   ; 250                ; 250                ;
; Add Pass-Through Logic to Inferred RAMs                          ; On                 ; On                 ;
; Infer RAMs from Raw Logic                                        ; On                 ; On                 ;
; Parallel Synthesis                                               ; On                 ; On                 ;
; DSP Block Balancing                                              ; Auto               ; Auto               ;
; NOT Gate Push-Back                                               ; On                 ; On                 ;
; Power-Up Don't Care                                              ; On                 ; On                 ;
; Remove Redundant Logic Cells                                     ; Off                ; Off                ;
; Remove Duplicate Registers                                       ; On                 ; On                 ;
; Ignore CARRY Buffers                                             ; Off                ; Off                ;
; Ignore CASCADE Buffers                                           ; Off                ; Off                ;
; Ignore GLOBAL Buffers                                            ; Off                ; Off                ;
; Ignore ROW GLOBAL Buffers                                        ; Off                ; Off                ;
; Ignore LCELL Buffers                                             ; Off                ; Off                ;
; Ignore SOFT Buffers                                              ; On                 ; On                 ;
; Limit AHDL Integers to 32 Bits                                   ; Off                ; Off                ;
; Optimization Technique                                           ; Balanced           ; Balanced           ;
; Carry Chain Length                                               ; 70                 ; 70                 ;
; Auto Carry Chains                                                ; On                 ; On                 ;
; Auto Open-Drain Pins                                             ; On                 ; On                 ;
; Perform WYSIWYG Primitive Resynthesis                            ; Off                ; Off                ;
; Auto ROM Replacement                                             ; On                 ; On                 ;
; Auto RAM Replacement                                             ; On                 ; On                 ;
; Auto DSP Block Replacement                                       ; On                 ; On                 ;
; Auto Shift Register Replacement                                  ; Auto               ; Auto               ;
; Allow Shift Register Merging across Hierarchies                  ; Auto               ; Auto               ;
; Auto Clock Enable Replacement                                    ; On                 ; On                 ;
; Strict RAM Replacement                                           ; Off                ; Off                ;
; Allow Synchronous Control Signals                                ; On                 ; On                 ;
; Force Use of Synchronous Clear Signals                           ; Off                ; Off                ;
; Auto RAM Block Balancing                                         ; On                 ; On                 ;
; Auto RAM to Logic Cell Conversion                                ; Off                ; Off                ;
; Auto Resource Sharing                                            ; Off                ; Off                ;
; Allow Any RAM Size For Recognition                               ; Off                ; Off                ;
; Allow Any ROM Size For Recognition                               ; Off                ; Off                ;
; Allow Any Shift Register Size For Recognition                    ; Off                ; Off                ;
; Use LogicLock Constraints during Resource Balancing              ; On                 ; On                 ;
; Ignore translate_off and synthesis_off directives                ; Off                ; Off                ;
; Timing-Driven Synthesis                                          ; On                 ; On                 ;
; Report Parameter Settings                                        ; On                 ; On                 ;
; Report Source Assignments                                        ; On                 ; On                 ;
; Report Connectivity Checks                                       ; On                 ; On                 ;
; Ignore Maximum Fan-Out Assignments                               ; Off                ; Off                ;
; Synchronization Register Chain Length                            ; 2                  ; 2                  ;
; Power Optimization During Synthesis                              ; Normal compilation ; Normal compilation ;
; HDL message level                                                ; Level2             ; Level2             ;
; Suppress Register Optimization Related Messages                  ; Off                ; Off                ;
; Number of Removed Registers Reported in Synthesis Report         ; 5000               ; 5000               ;
; Number of Swept Nodes Reported in Synthesis Report               ; 5000               ; 5000               ;
; Number of Inverted Registers Reported in Synthesis Report        ; 100                ; 100                ;
; Clock MUX Protection                                             ; On                 ; On                 ;
; Auto Gated Clock Conversion                                      ; Off                ; Off                ;
; Block Design Naming                                              ; Auto               ; Auto               ;
; SDC constraint protection                                        ; Off                ; Off                ;
; Synthesis Effort                                                 ; Auto               ; Auto               ;
; Shift Register Replacement - Allow Asynchronous Clear Signal     ; On                 ; On                 ;
; Pre-Mapping Resynthesis Optimization                             ; Off                ; Off                ;
; Analysis & Synthesis Message Level                               ; Medium             ; Medium             ;
; Disable Register Merging Across Hierarchies                      ; Auto               ; Auto               ;
; Resource Aware Inference For Block RAM                           ; On                 ; On                 ;
+------------------------------------------------------------------+--------------------+--------------------+


+------------------------------------------+
; Parallel Compilation                     ;
+----------------------------+-------------+
; Processors                 ; Number      ;
+----------------------------+-------------+
; Number detected on machine ; 8           ;
; Maximum allowed            ; 4           ;
;                            ;             ;
; Average used               ; 1.00        ;
; Maximum used               ; 4           ;
;                            ;             ;
; Usage by Processor         ; % Time Used ;
;     Processor 1            ; 100.0%      ;
;     Processor 2            ;   0.0%      ;
;     Processors 3-4         ;   0.0%      ;
+----------------------------+-------------+


+---------------------------------------------------------------------------------------------------------------------------------------------------------------------------------+
; Analysis & Synthesis Source Files Read                                                                                                                                          ;
+----------------------------------+-----------------+-----------------------+------------------------------------------------------------------------------------------+---------+
; File Name with User-Entered Path ; Used in Netlist ; File Type             ; File Name with Absolute Path                                                             ; Library ;
+----------------------------------+-----------------+-----------------------+------------------------------------------------------------------------------------------+---------+
; uart_tx_3.vhd                    ; yes             ; Auto-Found VHDL File  ; C:/Users/joemi/Documents/Quartus_GP3/TE2002B-GP_3/Acitividad4-1_Equipo3/uart_tx_3.vhd    ;         ;
; baudrate_gen.vhd                 ; yes             ; Auto-Found VHDL File  ; C:/Users/joemi/Documents/Quartus_GP3/TE2002B-GP_3/Acitividad4-1_Equipo3/baudrate_gen.vhd ;         ;
+----------------------------------+-----------------+-----------------------+------------------------------------------------------------------------------------------+---------+


+--------------------------------------------------------------------+
; Analysis & Synthesis Resource Usage Summary                        ;
+---------------------------------------------+----------------------+
; Resource                                    ; Usage                ;
+---------------------------------------------+----------------------+
; Estimated Total logic elements              ; 156                  ;
;                                             ;                      ;
; Total combinational functions               ; 156                  ;
; Logic element usage by number of LUT inputs ;                      ;
;     -- 4 input functions                    ; 30                   ;
;     -- 3 input functions                    ; 49                   ;
;     -- <=2 input functions                  ; 77                   ;
;                                             ;                      ;
; Logic elements by mode                      ;                      ;
;     -- normal mode                          ; 117                  ;
;     -- arithmetic mode                      ; 39                   ;
;                                             ;                      ;
; Total registers                             ; 13                   ;
;     -- Dedicated logic registers            ; 13                   ;
;     -- I/O registers                        ; 0                    ;
;                                             ;                      ;
; I/O pins                                    ; 15                   ;
;                                             ;                      ;
; Embedded Multiplier 9-bit elements          ; 0                    ;
;                                             ;                      ;
; Maximum fan-out node                        ; present_state.s_stop ;
; Maximum fan-out                             ; 37                   ;
; Total fan-out                               ; 476                  ;
; Average fan-out                             ; 2.39                 ;
+---------------------------------------------+----------------------+


+----------------------------------------------------------------------------------------------------------------------------------------------------------------------------------------------------------------------------------------------------+
; Analysis & Synthesis Resource Utilization by Entity                                                                                                                                                                                                ;
+-----------------------------+---------------------+---------------------------+-------------+------------+--------------+---------+-----------+------+--------------+------------+-----------------------------------+--------------+--------------+
; Compilation Hierarchy Node  ; Combinational ALUTs ; Dedicated Logic Registers ; Memory Bits ; UFM Blocks ; DSP Elements ; DSP 9x9 ; DSP 18x18 ; Pins ; Virtual Pins ; ADC blocks ; Full Hierarchy Name               ; Entity Name  ; Library Name ;
+-----------------------------+---------------------+---------------------------+-------------+------------+--------------+---------+-----------+------+--------------+------------+-----------------------------------+--------------+--------------+
; |UART_TX_3                  ; 156 (138)           ; 13 (4)                    ; 0           ; 0          ; 0            ; 0       ; 0         ; 15   ; 0            ; 0          ; |UART_TX_3                        ; UART_TX_3    ; work         ;
;    |baudrate_gen:UART_BAUD| ; 18 (18)             ; 9 (9)                     ; 0           ; 0          ; 0            ; 0       ; 0         ; 0    ; 0            ; 0          ; |UART_TX_3|baudrate_gen:UART_BAUD ; baudrate_gen ; work         ;
+-----------------------------+---------------------+---------------------------+-------------+------------+--------------+---------+-----------+------+--------------+------------+-----------------------------------+--------------+--------------+
Note: For table entries with two numbers listed, the numbers in parentheses indicate the number of resources of the given type used by the specific entity alone. The numbers listed outside of parentheses indicate the total resources of the given type used by the specific entity and all of its sub-entities in the hierarchy.


Encoding Type:  One-Hot
+--------------------------------------------------------------------------------------------------------------------+
; State Machine - |UART_TX_3|present_state                                                                           ;
+-----------------------+----------------------+----------------------+-----------------------+----------------------+
; Name                  ; present_state.s_stop ; present_state.s_data ; present_state.s_start ; present_state.s_idle ;
+-----------------------+----------------------+----------------------+-----------------------+----------------------+
; present_state.s_idle  ; 0                    ; 0                    ; 0                     ; 0                    ;
; present_state.s_start ; 0                    ; 0                    ; 1                     ; 1                    ;
; present_state.s_data  ; 0                    ; 1                    ; 0                     ; 1                    ;
; present_state.s_stop  ; 1                    ; 0                    ; 0                     ; 1                    ;
+-----------------------+----------------------+----------------------+-----------------------+----------------------+


+----------------------------------------------------------------------------------------------------+
; User-Specified and Inferred Latches                                                                ;
+-----------------------------------------------------+---------------------+------------------------+
; Latch Name                                          ; Latch Enable Signal ; Free of Timing Hazards ;
+-----------------------------------------------------+---------------------+------------------------+
; data[2]                                             ; data[0]             ; yes                    ;
; count[1]                                            ; Selector2           ; yes                    ;
; data[1]                                             ; data[0]             ; yes                    ;
; count[0]                                            ; Selector2           ; yes                    ;
; data[0]                                             ; data[0]             ; yes                    ;
; data[3]                                             ; data[0]             ; yes                    ;
; data[5]                                             ; data[0]             ; yes                    ;
; data[6]                                             ; data[0]             ; yes                    ;
; data[4]                                             ; data[0]             ; yes                    ;
; data[7]                                             ; data[0]             ; yes                    ;
; count[2]                                            ; Selector2           ; yes                    ;
; tx_done_tick$latch                                  ; tx_done_tick        ; yes                    ;
; next_state.s_data_594                               ; Selector41          ; yes                    ;
; count[31]                                           ; Selector2           ; yes                    ;
; count[3]                                            ; Selector2           ; yes                    ;
; count[4]                                            ; Selector2           ; yes                    ;
; count[5]                                            ; Selector2           ; yes                    ;
; count[6]                                            ; Selector2           ; yes                    ;
; count[7]                                            ; Selector2           ; yes                    ;
; count[8]                                            ; Selector2           ; yes                    ;
; count[9]                                            ; Selector2           ; yes                    ;
; count[10]                                           ; Selector2           ; yes                    ;
; count[11]                                           ; Selector2           ; yes                    ;
; count[12]                                           ; Selector2           ; yes                    ;
; count[13]                                           ; Selector2           ; yes                    ;
; count[14]                                           ; Selector2           ; yes                    ;
; count[15]                                           ; Selector2           ; yes                    ;
; count[16]                                           ; Selector2           ; yes                    ;
; count[17]                                           ; Selector2           ; yes                    ;
; count[18]                                           ; Selector2           ; yes                    ;
; count[19]                                           ; Selector2           ; yes                    ;
; count[20]                                           ; Selector2           ; yes                    ;
; count[21]                                           ; Selector2           ; yes                    ;
; count[22]                                           ; Selector2           ; yes                    ;
; count[23]                                           ; Selector2           ; yes                    ;
; count[24]                                           ; Selector2           ; yes                    ;
; count[25]                                           ; Selector2           ; yes                    ;
; count[26]                                           ; Selector2           ; yes                    ;
; count[27]                                           ; Selector2           ; yes                    ;
; count[28]                                           ; Selector2           ; yes                    ;
; count[29]                                           ; Selector2           ; yes                    ;
; count[30]                                           ; Selector2           ; yes                    ;
; next_state.s_idle_616                               ; Selector41          ; yes                    ;
; next_state.s_stop_583                               ; Selector41          ; yes                    ;
; next_state.s_start_605                              ; Selector41          ; yes                    ;
; Number of user-specified and inferred latches = 45  ;                     ;                        ;
+-----------------------------------------------------+---------------------+------------------------+
Note: All latches listed above may not be present at the end of synthesis due to various synthesis optimizations.


+------------------------------------------------------+
; General Register Statistics                          ;
+----------------------------------------------+-------+
; Statistic                                    ; Value ;
+----------------------------------------------+-------+
; Total registers                              ; 13    ;
; Number of registers using Synchronous Clear  ; 0     ;
; Number of registers using Synchronous Load   ; 0     ;
; Number of registers using Asynchronous Clear ; 13    ;
; Number of registers using Asynchronous Load  ; 0     ;
; Number of registers using Clock Enable       ; 0     ;
; Number of registers using Preset             ; 0     ;
+----------------------------------------------+-------+


+---------------------------------------------------------------------+
; Parameter Settings for User Entity Instance: baudrate_gen:UART_BAUD ;
+----------------+-------+--------------------------------------------+
; Parameter Name ; Value ; Type                                       ;
+----------------+-------+--------------------------------------------+
; m              ; 434   ; Signed Integer                             ;
; n              ; 9     ; Signed Integer                             ;
+----------------+-------+--------------------------------------------+
Note: In order to hide this table in the UI and the text report file, please set the "Show Parameter Settings in Synthesis Report" option in "Analysis and Synthesis Settings -> More Settings" to "Off".


+-----------------------------------------------------+
; Post-Synthesis Netlist Statistics for Top Partition ;
+-----------------------+-----------------------------+
; Type                  ; Count                       ;
+-----------------------+-----------------------------+
; boundary_port         ; 15                          ;
; cycloneiii_ff         ; 13                          ;
;     CLR               ; 13                          ;
; cycloneiii_lcell_comb ; 158                         ;
;     arith             ; 39                          ;
;         2 data inputs ; 39                          ;
;     normal            ; 119                         ;
;         1 data inputs ; 5                           ;
;         2 data inputs ; 35                          ;
;         3 data inputs ; 49                          ;
;         4 data inputs ; 30                          ;
;                       ;                             ;
; Max LUT depth         ; 6.10                        ;
; Average LUT depth     ; 4.19                        ;
+-----------------------+-----------------------------+


+-------------------------------+
; Elapsed Time Per Partition    ;
+----------------+--------------+
; Partition Name ; Elapsed Time ;
+----------------+--------------+
; Top            ; 00:00:00     ;
+----------------+--------------+


+-------------------------------+
; Analysis & Synthesis Messages ;
+-------------------------------+
Info: *******************************************************************
Info: Running Quartus Prime Analysis & Synthesis
    Info: Version 18.1.0 Build 625 09/12/2018 SJ Lite Edition
    Info: Processing started: Fri Mar 03 18:22:50 2023
Info: Command: quartus_map --read_settings_files=on --write_settings_files=off UART_TX_3 -c UART_TX_3
Warning (18236): Number of processors has not been specified which may cause overloading on shared machines.  Set the global assignment NUM_PARALLEL_PROCESSORS in your QSF to an appropriate value for best performance.
Info (20030): Parallel compilation is enabled and will use 4 of the 4 processors detected
Warning (12125): Using design file uart_tx_3.vhd, which is not specified as a design file for the current project, but contains definitions for 2 design units and 1 entities in project
    Info (12022): Found design unit 1: UART_TX_3-behavior File: C:/Users/joemi/Documents/Quartus_GP3/TE2002B-GP_3/Acitividad4-1_Equipo3/uart_tx_3.vhd Line: 15
    Info (12023): Found entity 1: UART_TX_3 File: C:/Users/joemi/Documents/Quartus_GP3/TE2002B-GP_3/Acitividad4-1_Equipo3/uart_tx_3.vhd Line: 5
Info (12127): Elaborating entity "UART_TX_3" for the top level hierarchy
Warning (10492): VHDL Process Statement warning at uart_tx_3.vhd(52): signal "present_state" is read inside the Process Statement but isn't in the Process Statement's sensitivity list File: C:/Users/joemi/Documents/Quartus_GP3/TE2002B-GP_3/Acitividad4-1_Equipo3/uart_tx_3.vhd Line: 52
Warning (10492): VHDL Process Statement warning at uart_tx_3.vhd(54): signal "tx_start" is read inside the Process Statement but isn't in the Process Statement's sensitivity list File: C:/Users/joemi/Documents/Quartus_GP3/TE2002B-GP_3/Acitividad4-1_Equipo3/uart_tx_3.vhd Line: 54
Warning (10492): VHDL Process Statement warning at uart_tx_3.vhd(63): signal "in_sw" is read inside the Process Statement but isn't in the Process Statement's sensitivity list File: C:/Users/joemi/Documents/Quartus_GP3/TE2002B-GP_3/Acitividad4-1_Equipo3/uart_tx_3.vhd Line: 63
Warning (10492): VHDL Process Statement warning at uart_tx_3.vhd(68): signal "count" is read inside the Process Statement but isn't in the Process Statement's sensitivity list File: C:/Users/joemi/Documents/Quartus_GP3/TE2002B-GP_3/Acitividad4-1_Equipo3/uart_tx_3.vhd Line: 68
Warning (10492): VHDL Process Statement warning at uart_tx_3.vhd(70): signal "count" is read inside the Process Statement but isn't in the Process Statement's sensitivity list File: C:/Users/joemi/Documents/Quartus_GP3/TE2002B-GP_3/Acitividad4-1_Equipo3/uart_tx_3.vhd Line: 70
Warning (10492): VHDL Process Statement warning at uart_tx_3.vhd(71): signal "count" is read inside the Process Statement but isn't in the Process Statement's sensitivity list File: C:/Users/joemi/Documents/Quartus_GP3/TE2002B-GP_3/Acitividad4-1_Equipo3/uart_tx_3.vhd Line: 71
Warning (10631): VHDL Process Statement warning at uart_tx_3.vhd(51): inferring latch(es) for signal or variable "next_state", which holds its previous value in one or more paths through the process File: C:/Users/joemi/Documents/Quartus_GP3/TE2002B-GP_3/Acitividad4-1_Equipo3/uart_tx_3.vhd Line: 51
Warning (10631): VHDL Process Statement warning at uart_tx_3.vhd(51): inferring latch(es) for signal or variable "data", which holds its previous value in one or more paths through the process File: C:/Users/joemi/Documents/Quartus_GP3/TE2002B-GP_3/Acitividad4-1_Equipo3/uart_tx_3.vhd Line: 51
Warning (10631): VHDL Process Statement warning at uart_tx_3.vhd(51): inferring latch(es) for signal or variable "count", which holds its previous value in one or more paths through the process File: C:/Users/joemi/Documents/Quartus_GP3/TE2002B-GP_3/Acitividad4-1_Equipo3/uart_tx_3.vhd Line: 51
Warning (10492): VHDL Process Statement warning at uart_tx_3.vhd(97): signal "data" is read inside the Process Statement but isn't in the Process Statement's sensitivity list File: C:/Users/joemi/Documents/Quartus_GP3/TE2002B-GP_3/Acitividad4-1_Equipo3/uart_tx_3.vhd Line: 97
Warning (10631): VHDL Process Statement warning at uart_tx_3.vhd(85): inferring latch(es) for signal or variable "tx_done_tick", which holds its previous value in one or more paths through the process File: C:/Users/joemi/Documents/Quartus_GP3/TE2002B-GP_3/Acitividad4-1_Equipo3/uart_tx_3.vhd Line: 85
Info (10041): Inferred latch for "tx_done_tick" at uart_tx_3.vhd(85) File: C:/Users/joemi/Documents/Quartus_GP3/TE2002B-GP_3/Acitividad4-1_Equipo3/uart_tx_3.vhd Line: 85
Info (10041): Inferred latch for "count[0]" at uart_tx_3.vhd(51) File: C:/Users/joemi/Documents/Quartus_GP3/TE2002B-GP_3/Acitividad4-1_Equipo3/uart_tx_3.vhd Line: 51
Info (10041): Inferred latch for "count[1]" at uart_tx_3.vhd(51) File: C:/Users/joemi/Documents/Quartus_GP3/TE2002B-GP_3/Acitividad4-1_Equipo3/uart_tx_3.vhd Line: 51
Info (10041): Inferred latch for "count[2]" at uart_tx_3.vhd(51) File: C:/Users/joemi/Documents/Quartus_GP3/TE2002B-GP_3/Acitividad4-1_Equipo3/uart_tx_3.vhd Line: 51
Info (10041): Inferred latch for "count[3]" at uart_tx_3.vhd(51) File: C:/Users/joemi/Documents/Quartus_GP3/TE2002B-GP_3/Acitividad4-1_Equipo3/uart_tx_3.vhd Line: 51
Info (10041): Inferred latch for "count[4]" at uart_tx_3.vhd(51) File: C:/Users/joemi/Documents/Quartus_GP3/TE2002B-GP_3/Acitividad4-1_Equipo3/uart_tx_3.vhd Line: 51
Info (10041): Inferred latch for "count[5]" at uart_tx_3.vhd(51) File: C:/Users/joemi/Documents/Quartus_GP3/TE2002B-GP_3/Acitividad4-1_Equipo3/uart_tx_3.vhd Line: 51
Info (10041): Inferred latch for "count[6]" at uart_tx_3.vhd(51) File: C:/Users/joemi/Documents/Quartus_GP3/TE2002B-GP_3/Acitividad4-1_Equipo3/uart_tx_3.vhd Line: 51
Info (10041): Inferred latch for "count[7]" at uart_tx_3.vhd(51) File: C:/Users/joemi/Documents/Quartus_GP3/TE2002B-GP_3/Acitividad4-1_Equipo3/uart_tx_3.vhd Line: 51
Info (10041): Inferred latch for "count[8]" at uart_tx_3.vhd(51) File: C:/Users/joemi/Documents/Quartus_GP3/TE2002B-GP_3/Acitividad4-1_Equipo3/uart_tx_3.vhd Line: 51
Info (10041): Inferred latch for "count[9]" at uart_tx_3.vhd(51) File: C:/Users/joemi/Documents/Quartus_GP3/TE2002B-GP_3/Acitividad4-1_Equipo3/uart_tx_3.vhd Line: 51
Info (10041): Inferred latch for "count[10]" at uart_tx_3.vhd(51) File: C:/Users/joemi/Documents/Quartus_GP3/TE2002B-GP_3/Acitividad4-1_Equipo3/uart_tx_3.vhd Line: 51
Info (10041): Inferred latch for "count[11]" at uart_tx_3.vhd(51) File: C:/Users/joemi/Documents/Quartus_GP3/TE2002B-GP_3/Acitividad4-1_Equipo3/uart_tx_3.vhd Line: 51
Info (10041): Inferred latch for "count[12]" at uart_tx_3.vhd(51) File: C:/Users/joemi/Documents/Quartus_GP3/TE2002B-GP_3/Acitividad4-1_Equipo3/uart_tx_3.vhd Line: 51
Info (10041): Inferred latch for "count[13]" at uart_tx_3.vhd(51) File: C:/Users/joemi/Documents/Quartus_GP3/TE2002B-GP_3/Acitividad4-1_Equipo3/uart_tx_3.vhd Line: 51
Info (10041): Inferred latch for "count[14]" at uart_tx_3.vhd(51) File: C:/Users/joemi/Documents/Quartus_GP3/TE2002B-GP_3/Acitividad4-1_Equipo3/uart_tx_3.vhd Line: 51
Info (10041): Inferred latch for "count[15]" at uart_tx_3.vhd(51) File: C:/Users/joemi/Documents/Quartus_GP3/TE2002B-GP_3/Acitividad4-1_Equipo3/uart_tx_3.vhd Line: 51
Info (10041): Inferred latch for "count[16]" at uart_tx_3.vhd(51) File: C:/Users/joemi/Documents/Quartus_GP3/TE2002B-GP_3/Acitividad4-1_Equipo3/uart_tx_3.vhd Line: 51
Info (10041): Inferred latch for "count[17]" at uart_tx_3.vhd(51) File: C:/Users/joemi/Documents/Quartus_GP3/TE2002B-GP_3/Acitividad4-1_Equipo3/uart_tx_3.vhd Line: 51
Info (10041): Inferred latch for "count[18]" at uart_tx_3.vhd(51) File: C:/Users/joemi/Documents/Quartus_GP3/TE2002B-GP_3/Acitividad4-1_Equipo3/uart_tx_3.vhd Line: 51
Info (10041): Inferred latch for "count[19]" at uart_tx_3.vhd(51) File: C:/Users/joemi/Documents/Quartus_GP3/TE2002B-GP_3/Acitividad4-1_Equipo3/uart_tx_3.vhd Line: 51
Info (10041): Inferred latch for "count[20]" at uart_tx_3.vhd(51) File: C:/Users/joemi/Documents/Quartus_GP3/TE2002B-GP_3/Acitividad4-1_Equipo3/uart_tx_3.vhd Line: 51
Info (10041): Inferred latch for "count[21]" at uart_tx_3.vhd(51) File: C:/Users/joemi/Documents/Quartus_GP3/TE2002B-GP_3/Acitividad4-1_Equipo3/uart_tx_3.vhd Line: 51
Info (10041): Inferred latch for "count[22]" at uart_tx_3.vhd(51) File: C:/Users/joemi/Documents/Quartus_GP3/TE2002B-GP_3/Acitividad4-1_Equipo3/uart_tx_3.vhd Line: 51
Info (10041): Inferred latch for "count[23]" at uart_tx_3.vhd(51) File: C:/Users/joemi/Documents/Quartus_GP3/TE2002B-GP_3/Acitividad4-1_Equipo3/uart_tx_3.vhd Line: 51
Info (10041): Inferred latch for "count[24]" at uart_tx_3.vhd(51) File: C:/Users/joemi/Documents/Quartus_GP3/TE2002B-GP_3/Acitividad4-1_Equipo3/uart_tx_3.vhd Line: 51
Info (10041): Inferred latch for "count[25]" at uart_tx_3.vhd(51) File: C:/Users/joemi/Documents/Quartus_GP3/TE2002B-GP_3/Acitividad4-1_Equipo3/uart_tx_3.vhd Line: 51
Info (10041): Inferred latch for "count[26]" at uart_tx_3.vhd(51) File: C:/Users/joemi/Documents/Quartus_GP3/TE2002B-GP_3/Acitividad4-1_Equipo3/uart_tx_3.vhd Line: 51
Info (10041): Inferred latch for "count[27]" at uart_tx_3.vhd(51) File: C:/Users/joemi/Documents/Quartus_GP3/TE2002B-GP_3/Acitividad4-1_Equipo3/uart_tx_3.vhd Line: 51
Info (10041): Inferred latch for "count[28]" at uart_tx_3.vhd(51) File: C:/Users/joemi/Documents/Quartus_GP3/TE2002B-GP_3/Acitividad4-1_Equipo3/uart_tx_3.vhd Line: 51
Info (10041): Inferred latch for "count[29]" at uart_tx_3.vhd(51) File: C:/Users/joemi/Documents/Quartus_GP3/TE2002B-GP_3/Acitividad4-1_Equipo3/uart_tx_3.vhd Line: 51
Info (10041): Inferred latch for "count[30]" at uart_tx_3.vhd(51) File: C:/Users/joemi/Documents/Quartus_GP3/TE2002B-GP_3/Acitividad4-1_Equipo3/uart_tx_3.vhd Line: 51
Info (10041): Inferred latch for "count[31]" at uart_tx_3.vhd(51) File: C:/Users/joemi/Documents/Quartus_GP3/TE2002B-GP_3/Acitividad4-1_Equipo3/uart_tx_3.vhd Line: 51
Info (10041): Inferred latch for "data[0]" at uart_tx_3.vhd(51) File: C:/Users/joemi/Documents/Quartus_GP3/TE2002B-GP_3/Acitividad4-1_Equipo3/uart_tx_3.vhd Line: 51
Info (10041): Inferred latch for "data[1]" at uart_tx_3.vhd(51) File: C:/Users/joemi/Documents/Quartus_GP3/TE2002B-GP_3/Acitividad4-1_Equipo3/uart_tx_3.vhd Line: 51
Info (10041): Inferred latch for "data[2]" at uart_tx_3.vhd(51) File: C:/Users/joemi/Documents/Quartus_GP3/TE2002B-GP_3/Acitividad4-1_Equipo3/uart_tx_3.vhd Line: 51
Info (10041): Inferred latch for "data[3]" at uart_tx_3.vhd(51) File: C:/Users/joemi/Documents/Quartus_GP3/TE2002B-GP_3/Acitividad4-1_Equipo3/uart_tx_3.vhd Line: 51
Info (10041): Inferred latch for "data[4]" at uart_tx_3.vhd(51) File: C:/Users/joemi/Documents/Quartus_GP3/TE2002B-GP_3/Acitividad4-1_Equipo3/uart_tx_3.vhd Line: 51
Info (10041): Inferred latch for "data[5]" at uart_tx_3.vhd(51) File: C:/Users/joemi/Documents/Quartus_GP3/TE2002B-GP_3/Acitividad4-1_Equipo3/uart_tx_3.vhd Line: 51
Info (10041): Inferred latch for "data[6]" at uart_tx_3.vhd(51) File: C:/Users/joemi/Documents/Quartus_GP3/TE2002B-GP_3/Acitividad4-1_Equipo3/uart_tx_3.vhd Line: 51
Info (10041): Inferred latch for "data[7]" at uart_tx_3.vhd(51) File: C:/Users/joemi/Documents/Quartus_GP3/TE2002B-GP_3/Acitividad4-1_Equipo3/uart_tx_3.vhd Line: 51
Info (10041): Inferred latch for "next_state.s_stop" at uart_tx_3.vhd(51) File: C:/Users/joemi/Documents/Quartus_GP3/TE2002B-GP_3/Acitividad4-1_Equipo3/uart_tx_3.vhd Line: 51
Info (10041): Inferred latch for "next_state.s_data" at uart_tx_3.vhd(51) File: C:/Users/joemi/Documents/Quartus_GP3/TE2002B-GP_3/Acitividad4-1_Equipo3/uart_tx_3.vhd Line: 51
Info (10041): Inferred latch for "next_state.s_start" at uart_tx_3.vhd(51) File: C:/Users/joemi/Documents/Quartus_GP3/TE2002B-GP_3/Acitividad4-1_Equipo3/uart_tx_3.vhd Line: 51
Info (10041): Inferred latch for "next_state.s_idle" at uart_tx_3.vhd(51) File: C:/Users/joemi/Documents/Quartus_GP3/TE2002B-GP_3/Acitividad4-1_Equipo3/uart_tx_3.vhd Line: 51
Warning (12125): Using design file baudrate_gen.vhd, which is not specified as a design file for the current project, but contains definitions for 2 design units and 1 entities in project
    Info (12022): Found design unit 1: baudrate_gen-Behavior File: C:/Users/joemi/Documents/Quartus_GP3/TE2002B-GP_3/Acitividad4-1_Equipo3/baudrate_gen.vhd Line: 17
    Info (12023): Found entity 1: baudrate_gen File: C:/Users/joemi/Documents/Quartus_GP3/TE2002B-GP_3/Acitividad4-1_Equipo3/baudrate_gen.vhd Line: 5
Info (12128): Elaborating entity "baudrate_gen" for hierarchy "baudrate_gen:UART_BAUD" File: C:/Users/joemi/Documents/Quartus_GP3/TE2002B-GP_3/Acitividad4-1_Equipo3/uart_tx_3.vhd Line: 36
Warning (13012): Latch count[1] has unsafe behavior File: C:/Users/joemi/Documents/Quartus_GP3/TE2002B-GP_3/Acitividad4-1_Equipo3/uart_tx_3.vhd Line: 51
    Warning (13013): Ports D and ENA on the latch are fed by the same signal present_state.s_stop File: C:/Users/joemi/Documents/Quartus_GP3/TE2002B-GP_3/Acitividad4-1_Equipo3/uart_tx_3.vhd Line: 29
Warning (13012): Latch count[0] has unsafe behavior File: C:/Users/joemi/Documents/Quartus_GP3/TE2002B-GP_3/Acitividad4-1_Equipo3/uart_tx_3.vhd Line: 51
    Warning (13013): Ports D and ENA on the latch are fed by the same signal present_state.s_stop File: C:/Users/joemi/Documents/Quartus_GP3/TE2002B-GP_3/Acitividad4-1_Equipo3/uart_tx_3.vhd Line: 29
Warning (13012): Latch count[2] has unsafe behavior File: C:/Users/joemi/Documents/Quartus_GP3/TE2002B-GP_3/Acitividad4-1_Equipo3/uart_tx_3.vhd Line: 51
    Warning (13013): Ports D and ENA on the latch are fed by the same signal present_state.s_stop File: C:/Users/joemi/Documents/Quartus_GP3/TE2002B-GP_3/Acitividad4-1_Equipo3/uart_tx_3.vhd Line: 29
Warning (13012): Latch next_state.s_data_594 has unsafe behavior File: C:/Users/joemi/Documents/Quartus_GP3/TE2002B-GP_3/Acitividad4-1_Equipo3/uart_tx_3.vhd Line: 51
    Warning (13013): Ports D and ENA on the latch are fed by the same signal present_state.s_data File: C:/Users/joemi/Documents/Quartus_GP3/TE2002B-GP_3/Acitividad4-1_Equipo3/uart_tx_3.vhd Line: 29
Warning (13012): Latch count[31] has unsafe behavior File: C:/Users/joemi/Documents/Quartus_GP3/TE2002B-GP_3/Acitividad4-1_Equipo3/uart_tx_3.vhd Line: 51
    Warning (13013): Ports D and ENA on the latch are fed by the same signal present_state.s_stop File: C:/Users/joemi/Documents/Quartus_GP3/TE2002B-GP_3/Acitividad4-1_Equipo3/uart_tx_3.vhd Line: 29
Warning (13012): Latch count[3] has unsafe behavior File: C:/Users/joemi/Documents/Quartus_GP3/TE2002B-GP_3/Acitividad4-1_Equipo3/uart_tx_3.vhd Line: 51
    Warning (13013): Ports D and ENA on the latch are fed by the same signal present_state.s_stop File: C:/Users/joemi/Documents/Quartus_GP3/TE2002B-GP_3/Acitividad4-1_Equipo3/uart_tx_3.vhd Line: 29
Warning (13012): Latch count[4] has unsafe behavior File: C:/Users/joemi/Documents/Quartus_GP3/TE2002B-GP_3/Acitividad4-1_Equipo3/uart_tx_3.vhd Line: 51
    Warning (13013): Ports D and ENA on the latch are fed by the same signal present_state.s_stop File: C:/Users/joemi/Documents/Quartus_GP3/TE2002B-GP_3/Acitividad4-1_Equipo3/uart_tx_3.vhd Line: 29
Warning (13012): Latch count[5] has unsafe behavior File: C:/Users/joemi/Documents/Quartus_GP3/TE2002B-GP_3/Acitividad4-1_Equipo3/uart_tx_3.vhd Line: 51
    Warning (13013): Ports D and ENA on the latch are fed by the same signal present_state.s_stop File: C:/Users/joemi/Documents/Quartus_GP3/TE2002B-GP_3/Acitividad4-1_Equipo3/uart_tx_3.vhd Line: 29
Warning (13012): Latch count[6] has unsafe behavior File: C:/Users/joemi/Documents/Quartus_GP3/TE2002B-GP_3/Acitividad4-1_Equipo3/uart_tx_3.vhd Line: 51
    Warning (13013): Ports D and ENA on the latch are fed by the same signal present_state.s_stop File: C:/Users/joemi/Documents/Quartus_GP3/TE2002B-GP_3/Acitividad4-1_Equipo3/uart_tx_3.vhd Line: 29
Warning (13012): Latch count[7] has unsafe behavior File: C:/Users/joemi/Documents/Quartus_GP3/TE2002B-GP_3/Acitividad4-1_Equipo3/uart_tx_3.vhd Line: 51
    Warning (13013): Ports D and ENA on the latch are fed by the same signal present_state.s_stop File: C:/Users/joemi/Documents/Quartus_GP3/TE2002B-GP_3/Acitividad4-1_Equipo3/uart_tx_3.vhd Line: 29
Warning (13012): Latch count[8] has unsafe behavior File: C:/Users/joemi/Documents/Quartus_GP3/TE2002B-GP_3/Acitividad4-1_Equipo3/uart_tx_3.vhd Line: 51
    Warning (13013): Ports D and ENA on the latch are fed by the same signal present_state.s_stop File: C:/Users/joemi/Documents/Quartus_GP3/TE2002B-GP_3/Acitividad4-1_Equipo3/uart_tx_3.vhd Line: 29
Warning (13012): Latch count[9] has unsafe behavior File: C:/Users/joemi/Documents/Quartus_GP3/TE2002B-GP_3/Acitividad4-1_Equipo3/uart_tx_3.vhd Line: 51
    Warning (13013): Ports D and ENA on the latch are fed by the same signal present_state.s_stop File: C:/Users/joemi/Documents/Quartus_GP3/TE2002B-GP_3/Acitividad4-1_Equipo3/uart_tx_3.vhd Line: 29
Warning (13012): Latch count[10] has unsafe behavior File: C:/Users/joemi/Documents/Quartus_GP3/TE2002B-GP_3/Acitividad4-1_Equipo3/uart_tx_3.vhd Line: 51
    Warning (13013): Ports D and ENA on the latch are fed by the same signal present_state.s_stop File: C:/Users/joemi/Documents/Quartus_GP3/TE2002B-GP_3/Acitividad4-1_Equipo3/uart_tx_3.vhd Line: 29
Warning (13012): Latch count[11] has unsafe behavior File: C:/Users/joemi/Documents/Quartus_GP3/TE2002B-GP_3/Acitividad4-1_Equipo3/uart_tx_3.vhd Line: 51
    Warning (13013): Ports D and ENA on the latch are fed by the same signal present_state.s_stop File: C:/Users/joemi/Documents/Quartus_GP3/TE2002B-GP_3/Acitividad4-1_Equipo3/uart_tx_3.vhd Line: 29
Warning (13012): Latch count[12] has unsafe behavior File: C:/Users/joemi/Documents/Quartus_GP3/TE2002B-GP_3/Acitividad4-1_Equipo3/uart_tx_3.vhd Line: 51
    Warning (13013): Ports D and ENA on the latch are fed by the same signal present_state.s_stop File: C:/Users/joemi/Documents/Quartus_GP3/TE2002B-GP_3/Acitividad4-1_Equipo3/uart_tx_3.vhd Line: 29
Warning (13012): Latch count[13] has unsafe behavior File: C:/Users/joemi/Documents/Quartus_GP3/TE2002B-GP_3/Acitividad4-1_Equipo3/uart_tx_3.vhd Line: 51
    Warning (13013): Ports D and ENA on the latch are fed by the same signal present_state.s_stop File: C:/Users/joemi/Documents/Quartus_GP3/TE2002B-GP_3/Acitividad4-1_Equipo3/uart_tx_3.vhd Line: 29
Warning (13012): Latch count[14] has unsafe behavior File: C:/Users/joemi/Documents/Quartus_GP3/TE2002B-GP_3/Acitividad4-1_Equipo3/uart_tx_3.vhd Line: 51
    Warning (13013): Ports D and ENA on the latch are fed by the same signal present_state.s_stop File: C:/Users/joemi/Documents/Quartus_GP3/TE2002B-GP_3/Acitividad4-1_Equipo3/uart_tx_3.vhd Line: 29
Warning (13012): Latch count[15] has unsafe behavior File: C:/Users/joemi/Documents/Quartus_GP3/TE2002B-GP_3/Acitividad4-1_Equipo3/uart_tx_3.vhd Line: 51
    Warning (13013): Ports D and ENA on the latch are fed by the same signal present_state.s_stop File: C:/Users/joemi/Documents/Quartus_GP3/TE2002B-GP_3/Acitividad4-1_Equipo3/uart_tx_3.vhd Line: 29
Warning (13012): Latch count[16] has unsafe behavior File: C:/Users/joemi/Documents/Quartus_GP3/TE2002B-GP_3/Acitividad4-1_Equipo3/uart_tx_3.vhd Line: 51
    Warning (13013): Ports D and ENA on the latch are fed by the same signal present_state.s_stop File: C:/Users/joemi/Documents/Quartus_GP3/TE2002B-GP_3/Acitividad4-1_Equipo3/uart_tx_3.vhd Line: 29
Warning (13012): Latch count[17] has unsafe behavior File: C:/Users/joemi/Documents/Quartus_GP3/TE2002B-GP_3/Acitividad4-1_Equipo3/uart_tx_3.vhd Line: 51
    Warning (13013): Ports D and ENA on the latch are fed by the same signal present_state.s_stop File: C:/Users/joemi/Documents/Quartus_GP3/TE2002B-GP_3/Acitividad4-1_Equipo3/uart_tx_3.vhd Line: 29
Warning (13012): Latch count[18] has unsafe behavior File: C:/Users/joemi/Documents/Quartus_GP3/TE2002B-GP_3/Acitividad4-1_Equipo3/uart_tx_3.vhd Line: 51
    Warning (13013): Ports D and ENA on the latch are fed by the same signal present_state.s_stop File: C:/Users/joemi/Documents/Quartus_GP3/TE2002B-GP_3/Acitividad4-1_Equipo3/uart_tx_3.vhd Line: 29
Warning (13012): Latch count[19] has unsafe behavior File: C:/Users/joemi/Documents/Quartus_GP3/TE2002B-GP_3/Acitividad4-1_Equipo3/uart_tx_3.vhd Line: 51
    Warning (13013): Ports D and ENA on the latch are fed by the same signal present_state.s_stop File: C:/Users/joemi/Documents/Quartus_GP3/TE2002B-GP_3/Acitividad4-1_Equipo3/uart_tx_3.vhd Line: 29
Warning (13012): Latch count[20] has unsafe behavior File: C:/Users/joemi/Documents/Quartus_GP3/TE2002B-GP_3/Acitividad4-1_Equipo3/uart_tx_3.vhd Line: 51
    Warning (13013): Ports D and ENA on the latch are fed by the same signal present_state.s_stop File: C:/Users/joemi/Documents/Quartus_GP3/TE2002B-GP_3/Acitividad4-1_Equipo3/uart_tx_3.vhd Line: 29
Warning (13012): Latch count[21] has unsafe behavior File: C:/Users/joemi/Documents/Quartus_GP3/TE2002B-GP_3/Acitividad4-1_Equipo3/uart_tx_3.vhd Line: 51
    Warning (13013): Ports D and ENA on the latch are fed by the same signal present_state.s_stop File: C:/Users/joemi/Documents/Quartus_GP3/TE2002B-GP_3/Acitividad4-1_Equipo3/uart_tx_3.vhd Line: 29
Warning (13012): Latch count[22] has unsafe behavior File: C:/Users/joemi/Documents/Quartus_GP3/TE2002B-GP_3/Acitividad4-1_Equipo3/uart_tx_3.vhd Line: 51
    Warning (13013): Ports D and ENA on the latch are fed by the same signal present_state.s_stop File: C:/Users/joemi/Documents/Quartus_GP3/TE2002B-GP_3/Acitividad4-1_Equipo3/uart_tx_3.vhd Line: 29
Warning (13012): Latch count[23] has unsafe behavior File: C:/Users/joemi/Documents/Quartus_GP3/TE2002B-GP_3/Acitividad4-1_Equipo3/uart_tx_3.vhd Line: 51
    Warning (13013): Ports D and ENA on the latch are fed by the same signal present_state.s_stop File: C:/Users/joemi/Documents/Quartus_GP3/TE2002B-GP_3/Acitividad4-1_Equipo3/uart_tx_3.vhd Line: 29
Warning (13012): Latch count[24] has unsafe behavior File: C:/Users/joemi/Documents/Quartus_GP3/TE2002B-GP_3/Acitividad4-1_Equipo3/uart_tx_3.vhd Line: 51
    Warning (13013): Ports D and ENA on the latch are fed by the same signal present_state.s_stop File: C:/Users/joemi/Documents/Quartus_GP3/TE2002B-GP_3/Acitividad4-1_Equipo3/uart_tx_3.vhd Line: 29
Warning (13012): Latch count[25] has unsafe behavior File: C:/Users/joemi/Documents/Quartus_GP3/TE2002B-GP_3/Acitividad4-1_Equipo3/uart_tx_3.vhd Line: 51
    Warning (13013): Ports D and ENA on the latch are fed by the same signal present_state.s_stop File: C:/Users/joemi/Documents/Quartus_GP3/TE2002B-GP_3/Acitividad4-1_Equipo3/uart_tx_3.vhd Line: 29
Warning (13012): Latch count[26] has unsafe behavior File: C:/Users/joemi/Documents/Quartus_GP3/TE2002B-GP_3/Acitividad4-1_Equipo3/uart_tx_3.vhd Line: 51
    Warning (13013): Ports D and ENA on the latch are fed by the same signal present_state.s_stop File: C:/Users/joemi/Documents/Quartus_GP3/TE2002B-GP_3/Acitividad4-1_Equipo3/uart_tx_3.vhd Line: 29
Warning (13012): Latch count[27] has unsafe behavior File: C:/Users/joemi/Documents/Quartus_GP3/TE2002B-GP_3/Acitividad4-1_Equipo3/uart_tx_3.vhd Line: 51
    Warning (13013): Ports D and ENA on the latch are fed by the same signal present_state.s_stop File: C:/Users/joemi/Documents/Quartus_GP3/TE2002B-GP_3/Acitividad4-1_Equipo3/uart_tx_3.vhd Line: 29
Warning (13012): Latch count[28] has unsafe behavior File: C:/Users/joemi/Documents/Quartus_GP3/TE2002B-GP_3/Acitividad4-1_Equipo3/uart_tx_3.vhd Line: 51
    Warning (13013): Ports D and ENA on the latch are fed by the same signal present_state.s_stop File: C:/Users/joemi/Documents/Quartus_GP3/TE2002B-GP_3/Acitividad4-1_Equipo3/uart_tx_3.vhd Line: 29
Warning (13012): Latch count[29] has unsafe behavior File: C:/Users/joemi/Documents/Quartus_GP3/TE2002B-GP_3/Acitividad4-1_Equipo3/uart_tx_3.vhd Line: 51
    Warning (13013): Ports D and ENA on the latch are fed by the same signal present_state.s_stop File: C:/Users/joemi/Documents/Quartus_GP3/TE2002B-GP_3/Acitividad4-1_Equipo3/uart_tx_3.vhd Line: 29
Warning (13012): Latch count[30] has unsafe behavior File: C:/Users/joemi/Documents/Quartus_GP3/TE2002B-GP_3/Acitividad4-1_Equipo3/uart_tx_3.vhd Line: 51
    Warning (13013): Ports D and ENA on the latch are fed by the same signal present_state.s_stop File: C:/Users/joemi/Documents/Quartus_GP3/TE2002B-GP_3/Acitividad4-1_Equipo3/uart_tx_3.vhd Line: 29
Warning (13012): Latch next_state.s_idle_616 has unsafe behavior File: C:/Users/joemi/Documents/Quartus_GP3/TE2002B-GP_3/Acitividad4-1_Equipo3/uart_tx_3.vhd Line: 51
    Warning (13013): Ports D and ENA on the latch are fed by the same signal baudrate_gen:UART_BAUD|clk16_reg[8] File: C:/Users/joemi/Documents/Quartus_GP3/TE2002B-GP_3/Acitividad4-1_Equipo3/baudrate_gen.vhd Line: 24
Warning (13012): Latch next_state.s_stop_583 has unsafe behavior File: C:/Users/joemi/Documents/Quartus_GP3/TE2002B-GP_3/Acitividad4-1_Equipo3/uart_tx_3.vhd Line: 51
    Warning (13013): Ports D and ENA on the latch are fed by the same signal present_state.s_data File: C:/Users/joemi/Documents/Quartus_GP3/TE2002B-GP_3/Acitividad4-1_Equipo3/uart_tx_3.vhd Line: 29
Warning (13012): Latch next_state.s_start_605 has unsafe behavior File: C:/Users/joemi/Documents/Quartus_GP3/TE2002B-GP_3/Acitividad4-1_Equipo3/uart_tx_3.vhd Line: 51
    Warning (13013): Ports D and ENA on the latch are fed by the same signal baudrate_gen:UART_BAUD|clk16_reg[8] File: C:/Users/joemi/Documents/Quartus_GP3/TE2002B-GP_3/Acitividad4-1_Equipo3/baudrate_gen.vhd Line: 24
Info (286030): Timing-Driven Synthesis is running
Info (16010): Generating hard_block partition "hard_block:auto_generated_inst"
    Info (16011): Adding 0 node(s), including 0 DDIO, 0 PLL, 0 transceiver and 0 LCELL
Info (21057): Implemented 174 device resources after synthesis - the final resource count might be different
    Info (21058): Implemented 11 input pins
    Info (21059): Implemented 4 output pins
    Info (21061): Implemented 159 logic cells
Info: Quartus Prime Analysis & Synthesis was successful. 0 errors, 86 warnings
    Info: Peak virtual memory: 4804 megabytes
    Info: Processing ended: Fri Mar 03 18:23:05 2023
    Info: Elapsed time: 00:00:15
    Info: Total CPU time (on all processors): 00:00:13


